<?xml version="1.0" encoding="UTF-8"?>
<!-- Generated by org.testng.reporters.JUnitXMLReporter -->
<testsuite hostname="SKAR1201129" ignored="0" name="Default test" tests="2" failures="0" timestamp="2020-03-31T16:30:02 BRT" time="16.107" errors="0">
  <testcase name="clicarProdutoMenuInexistente" time="0.076" classname="br.com.RsiHub3.ProjetoHubTDD.execucaoDosTestes.executarClicarProdutoMenu"/>
  <testcase name="clicarProdutoMenuSucesso" time="2.336" classname="br.com.RsiHub3.ProjetoHubTDD.execucaoDosTestes.executarClicarProdutoMenu"/>
</testsuite> <!-- Default test -->
