<?xml version="1.0" encoding="UTF-8"?>
<!-- Generated by org.testng.reporters.JUnitXMLReporter -->
<testsuite hostname="SKAR1201129" ignored="0" name="Default test" tests="2" failures="0" timestamp="2020-03-28T14:33:32 BRT" time="19.494" errors="0">
  <testcase name="logarComSucesso" time="2.411" classname="br.com.RsiHub3.ProjetoHubTDD.execucaoDosTestes.executarLogarConta"/>
  <testcase name="loginIncorreto" time="1.71" classname="br.com.RsiHub3.ProjetoHubTDD.execucaoDosTestes.executarLogarConta"/>
</testsuite> <!-- Default test -->
